
> masr-shop-admin@0.0.0 start
> ng serve --host 127.0.0.1 --port 4200

[33m>[39m Building...
[32m√[39m Building...
[1mInitial chunk files[22m[2m | [22m[1mNames[22m                  [2m | [22m [1mRaw size[22m
[32mmain.js[39m            [2m | [22m[2mmain[22m                   [2m | [22m  [36m8.90 kB[39m[2m | [22m
[32mchunk-4IJSQC7B.js[39m  [2m | [22m[2m-[22m                      [2m | [22m  [36m5.97 kB[39m[2m | [22m
[32mstyles.css[39m         [2m | [22m[2mstyles[22m                 [2m | [22m  [36m4.31 kB[39m[2m | [22m
[32mchunk-EVSPGG2W.js[39m  [2m | [22m[2m-[22m                      [2m | [22m  [36m1.64 kB[39m[2m | [22m
[32mchunk-UTWFDWRB.js[39m  [2m | [22m[2m-[22m                      [2m | [22m  [36m1.43 kB[39m[2m | [22m
[32mchunk-DJJFCXPS.js[39m  [2m | [22m[2m-[22m                      [2m | [22m[36m257 bytes[39m[2m | [22m
[32mpolyfills.js[39m       [2m | [22m[2mpolyfills[22m              [2m | [22m [36m95 bytes[39m[2m | [22m

[1m [22m                  [2m | [22m[1mInitial total[22m          [2m | [22m [1m22.60 kB[22m

[1mLazy chunk files[22m   [2m | [22m[1mNames[22m                  [2m | [22m [1mRaw size[22m
[32mchunk-TGHKNHXQ.js[39m  [2m | [22m[2morders-component[22m       [2m | [22m [36m36.24 kB[39m[2m | [22m
[32mchunk-TA2U6D2P.js[39m  [2m | [22m[2mproducts-component[22m     [2m | [22m [36m35.93 kB[39m[2m | [22m
[32mchunk-CHYDW35A.js[39m  [2m | [22m[2msupport-component[22m      [2m | [22m [36m27.36 kB[39m[2m | [22m
[32mchunk-QRT7BGQS.js[39m  [2m | [22m[2mcategories-component[22m   [2m | [22m [36m23.25 kB[39m[2m | [22m
[32mchunk-YTXRPB7G.js[39m  [2m | [22m[2musers-component[22m        [2m | [22m [36m22.36 kB[39m[2m | [22m
[32mchunk-6JU7VANS.js[39m  [2m | [22m[2mreviews-component[22m      [2m | [22m [36m21.31 kB[39m[2m | [22m
[32mchunk-7SNEQMO2.js[39m  [2m | [22m[2m-[22m                      [2m | [22m [36m18.87 kB[39m[2m | [22m
[32mchunk-E7X5JCOR.js[39m  [2m | [22m[2mnotifications-component[22m[2m | [22m [36m18.66 kB[39m[2m | [22m
[32mchunk-WHXRY3QG.js[39m  [2m | [22m[2mdashboard-component[22m    [2m | [22m [36m18.55 kB[39m[2m | [22m
[32mchunk-DVJA6DNO.js[39m  [2m | [22m[2manalytics-component[22m    [2m | [22m [36m16.74 kB[39m[2m | [22m
[32mchunk-4OPE2AVU.js[39m  [2m | [22m[2mlayout-component[22m       [2m | [22m [36m11.47 kB[39m[2m | [22m
[32mchunk-3VDJMWNP.js[39m  [2m | [22m[2mlogin-component[22m        [2m | [22m  [36m9.95 kB[39m[2m | [22m
[32mchunk-AQKEXJF7.js[39m  [2m | [22m[2msettings-component[22m     [2m | [22m  [36m6.82 kB[39m[2m | [22m
[32mchunk-I6R4VXBL.js[39m  [2m | [22m[2m-[22m                      [2m | [22m  [36m3.26 kB[39m[2m | [22m

Application bundle generation complete. [26.129 seconds] - 2026-07-04T21:02:56.560Z

Watch mode enabled. Watching for file changes...
NOTE: Raw file sizes do not reflect development server per-request transformations.
  [32m➜[39m  [1mLocal[22m:   [36mhttp://127.0.0.1:[1m4200[22m/[39m
